<?xml version="1.0" encoding="UTF-8"?>
<testsuite name="com.smartpet.todo.data.TaskTest" tests="5" skipped="0" failures="0" errors="0" timestamp="2026-02-14T13:54:12" hostname="MacBook-Pro.local" time="0.004">
  <properties/>
  <testcase name="interventionLevel_noDueDate_isZero" classname="com.smartpet.todo.data.TaskTest" time="0.003"/>
  <testcase name="interventionLevel_isCappedByMaxEnforcementLevel" classname="com.smartpet.todo.data.TaskTest" time="0.001"/>
  <testcase name="interventionLevel_dueInFuture_isBasedOnThresholds" classname="com.smartpet.todo.data.TaskTest" time="0.0"/>
  <testcase name="isOverdue_works" classname="com.smartpet.todo.data.TaskTest" time="0.0"/>
  <testcase name="interventionLevel_overdue_isThree" classname="com.smartpet.todo.data.TaskTest" time="0.0"/>
  <system-out><![CDATA[]]></system-out>
  <system-err><![CDATA[]]></system-err>
</testsuite>
